<?xml version="1.0" encoding="UTF-8"?>
<testng-results ignored="0" total="3" passed="3" failed="0" skipped="0">
  <reporter-output>
  </reporter-output>
  <suite started-at="2021-03-16T17:46:34 EDT" name="Default suite" finished-at="2021-03-16T17:46:34 EDT" duration-ms="64">
    <groups>
    </groups>
    <test started-at="2021-03-16T17:46:34 EDT" name="Default test" finished-at="2021-03-16T17:46:34 EDT" duration-ms="64">
      <class name="astonorall.Loops">
        <test-method signature="facto()[pri:0, instance:astonorall.Loops@1f0f1111]" started-at="2021-03-16T17:46:34 EDT" name="facto" finished-at="2021-03-16T17:46:34 EDT" duration-ms="10" status="PASS">
          <reporter-output>
          </reporter-output>
        </test-method> <!-- facto -->
        <test-method signature="febo()[pri:0, instance:astonorall.Loops@1f0f1111]" started-at="2021-03-16T17:46:34 EDT" name="febo" finished-at="2021-03-16T17:46:34 EDT" duration-ms="3" status="PASS">
          <reporter-output>
          </reporter-output>
        </test-method> <!-- febo -->
        <test-method signature="max()[pri:0, instance:astonorall.Loops@1f0f1111]" started-at="2021-03-16T17:46:34 EDT" name="max" finished-at="2021-03-16T17:46:34 EDT" duration-ms="2" status="PASS">
          <reporter-output>
          </reporter-output>
        </test-method> <!-- max -->
      </class> <!-- astonorall.Loops -->
    </test> <!-- Default test -->
  </suite> <!-- Default suite -->
</testng-results>
